2025-04-14 17:35:39,232 Total posts processed: 1000
2025-04-14 17:35:39,232 Positive posts: 279
2025-04-14 17:35:39,232 Negative posts: 721
2025-04-14 17:35:39,232 Skipped posts (empty): 0
2025-04-14 17:35:39,232 
Top 5 Most Positive Posts:
2025-04-14 17:35:39,238 [1] The M4 Mac Mini is Incredible!


2025-04-14 17:35:39,238 [2] Review: M4 and M4 Pro Mac minis are probably Apple’s best Mac minis ever


2025-04-14 17:35:39,238 [3] iPhone roadmap is ‘most ambitious in the product’s history,’ per John Ternus


2025-04-14 17:35:39,238 [4] The new "Oak" Apple Logo design at soon to open Apple Store in Stockholm, Sweden is beautiful! Design: Henrietta Nyvang

Title says it all \U0001f60a
2025-04-14 17:35:39,238 [5] Apple Passwords’ Generated Strong Password Format


2025-04-14 17:35:39,238 
Top 5 Most Negative Posts:
2025-04-14 17:35:39,240 [1] Gurman: Apple has no ‘meaningful’ AirPods Max plans after USB-C refresh


2025-04-14 17:35:39,240 [2] Netflix is finally killing off support for 2nd and 3rd generation Apple TVs


2025-04-14 17:35:39,240 [3] Halide rejected from the App Store because it doesn’t explain why the camera takes photos


2025-04-14 17:35:39,240 [4] Apple Reportedly Stops Production of FineWoven Accessories

“Apple has stopped production of FineWoven accessories due to its poor durability. The company may move to another non-leather material for 
2025-04-14 17:35:39,240 [5] Epic Games says Apple stalling launch of its game store in Europe


